<?xml version="1.0" encoding="UTF-8"?>
<testng-results ignored="0" total="1" passed="1" failed="0" skipped="0">
  <reporter-output>
    <line>
      <![CDATA[Successfully Launched the browser]]>
    </line>
    <line>
      <![CDATA[Successfully passed the URL]]>
    </line>
    <line>
      <![CDATA[Successfully Logged into the Application]]>
    </line>
    <line>
      <![CDATA[Successfully Added the product to cart]]>
    </line>
    <line>
      <![CDATA[Successfully logged out from the Application]]>
    </line>
    <line>
      <![CDATA[Successfully Closed the browser]]>
    </line>
  </reporter-output>
  <suite started-at="2023-01-16T15:02:54 IST" name="Suite" finished-at="2023-01-16T15:03:13 IST" duration-ms="18631">
    <groups>
    </groups>
    <test started-at="2023-01-16T15:02:54 IST" name="Test" finished-at="2023-01-16T15:03:13 IST" duration-ms="18631">
      <class name="com.demoblaze.testscripts.Addtocart">
        <test-method is-config="true" signature="configBS()[pri:0, instance:com.demoblaze.testscripts.Addtocart@74ea2410]" started-at="2023-01-16T15:02:32 IST" name="configBS" finished-at="2023-01-16T15:02:54 IST" duration-ms="22724" status="PASS">
          <reporter-output>
            <line>
              <![CDATA[Successfully Launched the browser]]>
            </line>
            <line>
              <![CDATA[Successfully passed the URL]]>
            </line>
          </reporter-output>
        </test-method> <!-- configBS -->
        <test-method is-config="true" signature="configBT()[pri:0, instance:com.demoblaze.testscripts.Addtocart@74ea2410]" started-at="2023-01-16T15:02:54 IST" name="configBT" finished-at="2023-01-16T15:03:03 IST" duration-ms="8855" status="PASS">
          <reporter-output>
            <line>
              <![CDATA[Successfully Logged into the Application]]>
            </line>
          </reporter-output>
        </test-method> <!-- configBT -->
        <test-method signature="addtocartTest()[pri:0, instance:com.demoblaze.testscripts.Addtocart@74ea2410]" started-at="2023-01-16T15:03:03 IST" name="addtocartTest" finished-at="2023-01-16T15:03:11 IST" duration-ms="7528" status="PASS">
          <reporter-output>
            <line>
              <![CDATA[Successfully Added the product to cart]]>
            </line>
          </reporter-output>
        </test-method> <!-- addtocartTest -->
        <test-method is-config="true" signature="configAT()[pri:0, instance:com.demoblaze.testscripts.Addtocart@74ea2410]" started-at="2023-01-16T15:03:11 IST" name="configAT" finished-at="2023-01-16T15:03:13 IST" duration-ms="2047" status="PASS">
          <reporter-output>
            <line>
              <![CDATA[Successfully logged out from the Application]]>
            </line>
          </reporter-output>
        </test-method> <!-- configAT -->
        <test-method is-config="true" signature="configAS()[pri:0, instance:com.demoblaze.testscripts.Addtocart@74ea2410]" started-at="2023-01-16T15:03:13 IST" name="configAS" finished-at="2023-01-16T15:03:15 IST" duration-ms="1680" status="PASS">
          <reporter-output>
            <line>
              <![CDATA[Successfully Closed the browser]]>
            </line>
          </reporter-output>
        </test-method> <!-- configAS -->
      </class> <!-- com.demoblaze.testscripts.Addtocart -->
    </test> <!-- Test -->
  </suite> <!-- Suite -->
</testng-results>
